<?xml version="1.0" encoding="UTF-8"?>
<coverage generated="1762339078590" clover="3.2.0">
  <project timestamp="1762339078590" name="All files">
    <metrics statements="19" coveredstatements="7" conditionals="10" coveredconditionals="2" methods="2" coveredmethods="1" elements="31" coveredelements="10" complexity="0" loc="19" ncloc="19" packages="1" files="1" classes="1"/>
    <file name="script.js" path="/Users/rohithvaddepally/Documents/Simple_calculator/script.js">
      <metrics statements="19" coveredstatements="7" conditionals="10" coveredconditionals="2" methods="2" coveredmethods="1"/>
      <line num="2" count="4" type="stmt"/>
      <line num="3" count="4" type="stmt"/>
      <line num="4" count="4" type="stmt"/>
      <line num="5" count="4" type="stmt"/>
      <line num="9" count="1" type="cond" truecount="1" falsecount="1"/>
      <line num="10" count="1" type="stmt"/>
      <line num="14" count="1" type="cond" truecount="1" falsecount="1"/>
      <line num="15" count="0" type="stmt"/>
      <line num="16" count="0" type="stmt"/>
      <line num="17" count="0" type="stmt"/>
      <line num="18" count="0" type="stmt"/>
      <line num="21" count="0" type="cond" truecount="0" falsecount="2"/>
      <line num="22" count="0" type="cond" truecount="0" falsecount="2"/>
      <line num="23" count="0" type="cond" truecount="0" falsecount="2"/>
      <line num="25" count="0" type="stmt"/>
      <line num="26" count="0" type="stmt"/>
      <line num="29" count="0" type="stmt"/>
      <line num="30" count="0" type="stmt"/>
      <line num="31" count="0" type="stmt"/>
    </file>
  </project>
</coverage>
