{"/Users/rohithvaddepally/Documents/Simple_calculator/script.js": {"path":"/Users/rohithvaddepally/Documents/Simple_calculator/script.js","statementMap":{"0":{"start":{"line":2,"column":19},"end":{"line":2,"column":35}},"1":{"start":{"line":3,"column":25},"end":{"line":3,"column":52}},"2":{"start":{"line":4,"column":16},"end":{"line":4,"column":41}},"3":{"start":{"line":5,"column":2},"end":{"line":5,"column":15}},"4":{"start":{"line":9,"column":0},"end":{"line":11,"column":1}},"5":{"start":{"line":10,"column":2},"end":{"line":10,"column":38}},"6":{"start":{"line":14,"column":0},"end":{"line":32,"column":1}},"7":{"start":{"line":15,"column":21},"end":{"line":15,"column":53}},"8":{"start":{"line":16,"column":24},"end":{"line":16,"column":59}},"9":{"start":{"line":17,"column":24},"end":{"line":17,"column":59}},"10":{"start":{"line":18,"column":23},"end":{"line":18,"column":55}},"11":{"start":{"line":21,"column":18},"end":{"line":21,"column":51}},"12":{"start":{"line":22,"column":21},"end":{"line":22,"column":55}},"13":{"start":{"line":23,"column":21},"end":{"line":23,"column":57}},"14":{"start":{"line":25,"column":18},"end":{"line":25,"column":59}},"15":{"start":{"line":26,"column":4},"end":{"line":26,"column":48}},"16":{"start":{"line":29,"column":2},"end":{"line":29,"column":52}},"17":{"start":{"line":30,"column":2},"end":{"line":30,"column":55}},"18":{"start":{"line":31,"column":2},"end":{"line":31,"column":55}}},"fnMap":{"0":{"name":"calculateTotal","decl":{"start":{"line":1,"column":9},"end":{"line":1,"column":23}},"loc":{"start":{"line":1,"column":51},"end":{"line":6,"column":1}},"line":1},"1":{"name":"updateTotal","decl":{"start":{"line":20,"column":11},"end":{"line":20,"column":22}},"loc":{"start":{"line":20,"column":25},"end":{"line":27,"column":3}},"line":20}},"branchMap":{"0":{"loc":{"start":{"line":9,"column":0},"end":{"line":11,"column":1}},"type":"if","locations":[{"start":{"line":9,"column":0},"end":{"line":11,"column":1}},{"start":{},"end":{}}],"line":9},"1":{"loc":{"start":{"line":14,"column":0},"end":{"line":32,"column":1}},"type":"if","locations":[{"start":{"line":14,"column":0},"end":{"line":32,"column":1}},{"start":{},"end":{}}],"line":14},"2":{"loc":{"start":{"line":21,"column":18},"end":{"line":21,"column":51}},"type":"binary-expr","locations":[{"start":{"line":21,"column":18},"end":{"line":21,"column":46}},{"start":{"line":21,"column":50},"end":{"line":21,"column":51}}],"line":21},"3":{"loc":{"start":{"line":22,"column":21},"end":{"line":22,"column":55}},"type":"binary-expr","locations":[{"start":{"line":22,"column":21},"end":{"line":22,"column":50}},{"start":{"line":22,"column":54},"end":{"line":22,"column":55}}],"line":22},"4":{"loc":{"start":{"line":23,"column":21},"end":{"line":23,"column":57}},"type":"binary-expr","locations":[{"start":{"line":23,"column":21},"end":{"line":23,"column":52}},{"start":{"line":23,"column":56},"end":{"line":23,"column":57}}],"line":23}},"s":{"0":4,"1":4,"2":4,"3":4,"4":1,"5":1,"6":1,"7":0,"8":0,"9":0,"10":0,"11":0,"12":0,"13":0,"14":0,"15":0,"16":0,"17":0,"18":0},"f":{"0":4,"1":0},"b":{"0":[1,0],"1":[0,1],"2":[0,0],"3":[0,0],"4":[0,0]},"_coverageSchema":"1a1c01bbd47fc00a2c39e90264f33305004495a9","hash":"10f05edba33c21e40b9e213ad74d26fbc55305e3"}
}
